e:\workinggui-demo\release\opengl_on_a_windows_form.exe
e:\workinggui-demo\release\opengl_on_a_windows_form.pdb
e:\workinggui-demo\opengl_on_a_windows_form\release\app.res
e:\workinggui-demo\opengl_on_a_windows_form\release\opengl_on_a_windows_form.pch
e:\workinggui-demo\opengl_on_a_windows_form\release\vc141.pdb
e:\workinggui-demo\opengl_on_a_windows_form\release\stdafx.obj
e:\workinggui-demo\opengl_on_a_windows_form\release\timeseries_dist.obj
e:\workinggui-demo\opengl_on_a_windows_form\release\standardts.obj
e:\workinggui-demo\opengl_on_a_windows_form\release\separatedts_spc.obj
e:\workinggui-demo\opengl_on_a_windows_form\release\separatedspc.obj
e:\workinggui-demo\opengl_on_a_windows_form\release\separatedcpc.obj
e:\workinggui-demo\opengl_on_a_windows_form\release\opengl_on_a_windows_form.obj
e:\workinggui-demo\opengl_on_a_windows_form\release\filehandling.obj
e:\workinggui-demo\opengl_on_a_windows_form\release\dist_cont_parallel_coords.obj
e:\workinggui-demo\opengl_on_a_windows_form\release\cont_parallel_coordinates.obj
e:\workinggui-demo\opengl_on_a_windows_form\release\combinedspc.obj
e:\workinggui-demo\opengl_on_a_windows_form\release\combinedcpc.obj
e:\workinggui-demo\opengl_on_a_windows_form\release\assemblyinfo.obj
e:\workinggui-demo\opengl_on_a_windows_form\release\.netframework,version=v4.0.assemblyattributes.obj
e:\workinggui-demo\opengl_on_a_windows_form\release\.netframework,version=v4.0.assemblyattributes.asm
e:\workinggui-demo\opengl_on_a_windows_form\release\opengl_on_a_windows_form.form1.resources
\\mac\home\downloads\smart-data-visualization-release-versions-master\smart-data-vis-v1\opengl_on_a_windows_form\release\opengl_on_a_windows_form.vcxproj.generateresource.cache
\\mac\home\downloads\smart-data-visualization-release-versions-master\smart-data-vis-v1\opengl_on_a_windows_form\release\filehandling.obj
\\mac\home\downloads\smart-data-visualization-release-versions-master\smart-data-vis-v1\opengl_on_a_windows_form\release\separatedspc.obj
\\mac\home\downloads\smart-data-visualization-release-versions-master\smart-data-vis-v1\opengl_on_a_windows_form\release\separatedts_spc.obj
\\mac\home\downloads\smart-data-visualization-release-versions-master\smart-data-vis-v1\opengl_on_a_windows_form\release\combinedcpc.obj
\\mac\home\downloads\smart-data-visualization-release-versions-master\smart-data-vis-v1\opengl_on_a_windows_form\release\dist_cont_parallel_coords.obj
\\mac\home\downloads\smart-data-visualization-release-versions-master\smart-data-vis-v1\opengl_on_a_windows_form\release\assemblyinfo.obj
\\mac\home\downloads\smart-data-visualization-release-versions-master\smart-data-vis-v1\opengl_on_a_windows_form\release\cont_parallel_coordinates.obj
\\mac\home\downloads\smart-data-visualization-release-versions-master\smart-data-vis-v1\opengl_on_a_windows_form\release\stdafx.obj
\\mac\home\downloads\smart-data-visualization-release-versions-master\smart-data-vis-v1\opengl_on_a_windows_form\release\timeseries_dist.obj
\\mac\home\downloads\smart-data-visualization-release-versions-master\smart-data-vis-v1\opengl_on_a_windows_form\release\opengl_on_a_windows_form.obj
\\mac\home\downloads\smart-data-visualization-release-versions-master\smart-data-vis-v1\opengl_on_a_windows_form\release\separatedcpc.obj
\\mac\home\downloads\smart-data-visualization-release-versions-master\smart-data-vis-v1\opengl_on_a_windows_form\release\combinedspc.obj
\\mac\home\downloads\smart-data-visualization-release-versions-master\smart-data-vis-v1\opengl_on_a_windows_form\release\standardts.obj
\\mac\home\downloads\smart-data-visualization-release-versions-master\smart-data-vis-v1\opengl_on_a_windows_form\release\opengl_on_a_windows_form.form1.resources
\\mac\home\downloads\smart-data-visualization-release-versions-master\smart-data-vis-v1\opengl_on_a_windows_form\release\app.res
\\mac\home\downloads\smart-data-visualization-release-versions-master\smart-data-vis-v1\opengl_on_a_windows_form\release\opengl_on_a_windows_form.pch
\\mac\home\downloads\smart-data-visualization-release-versions-master\smart-data-vis-v1\opengl_on_a_windows_form\release\vc141.pdb
\\mac\home\downloads\smart-data-visualization-release-versions-master\smart-data-vis-v1\release\opengl_on_a_windows_form.pdb
\\mac\home\downloads\smart-data-visualization-release-versions-master\smart-data-vis-v1\release\opengl_on_a_windows_form.exe
\\mac\home\downloads\smart-data-visualization-release-versions-master\smart-data-vis-v1\opengl_on_a_windows_form\release\opengl_o.d4e3ab88.tlog\link.read.1.tlog
\\mac\home\downloads\smart-data-visualization-release-versions-master\smart-data-vis-v1\opengl_on_a_windows_form\release\opengl_o.d4e3ab88.tlog\metagen.write.1.tlog
\\mac\home\downloads\smart-data-visualization-release-versions-master\smart-data-vis-v1\opengl_on_a_windows_form\release\opengl_o.d4e3ab88.tlog\link.command.1.tlog
\\mac\home\downloads\smart-data-visualization-release-versions-master\smart-data-vis-v1\opengl_on_a_windows_form\release\opengl_o.d4e3ab88.tlog\rc.command.1.tlog
\\mac\home\downloads\smart-data-visualization-release-versions-master\smart-data-vis-v1\opengl_on_a_windows_form\release\opengl_o.d4e3ab88.tlog\link.write.1.tlog
\\mac\home\downloads\smart-data-visualization-release-versions-master\smart-data-vis-v1\opengl_on_a_windows_form\release\opengl_o.d4e3ab88.tlog\cl.read.1.tlog
\\mac\home\downloads\smart-data-visualization-release-versions-master\smart-data-vis-v1\opengl_on_a_windows_form\release\opengl_o.d4e3ab88.tlog\rc.write.1.tlog
\\mac\home\downloads\smart-data-visualization-release-versions-master\smart-data-vis-v1\opengl_on_a_windows_form\release\opengl_o.d4e3ab88.tlog\cl.command.1.tlog
\\mac\home\downloads\smart-data-visualization-release-versions-master\smart-data-vis-v1\opengl_on_a_windows_form\release\opengl_o.d4e3ab88.tlog\rc.read.1.tlog
\\mac\home\downloads\smart-data-visualization-release-versions-master\smart-data-vis-v1\opengl_on_a_windows_form\release\opengl_o.d4e3ab88.tlog\cl.write.1.tlog
\\mac\home\downloads\smart-data-visualization-release-versions-master\smart-data-vis-v1\opengl_on_a_windows_form\release\opengl_o.d4e3ab88.tlog\opengl_on_a_windows_form.write.1u.tlog
\\mac\home\downloads\smart-data-visualization-release-versions-master\smart-data-vis-v1\opengl_on_a_windows_form\release\opengl_o.d4e3ab88.tlog\metagen.read.1.tlog
